0 info it worked if it ends with ok
1 verbose cli [ 'c:\\Program Files (x86)\\nodejs\\node.exe',
1 verbose cli   'c:\\Users\\David\\AppData\\Roaming\\npm\\node_modules\\npm\\bin\\npm-cli.js',
1 verbose cli   'version',
1 verbose cli   'patch' ]
2 info using npm@2.4.1
3 info using node@v0.10.36
4 info git [ 'status', '--porcelain' ]
5 verbose stack Error: Git working directory not clean.
5 verbose stack M app/index.html
5 verbose stack M app/scripts/comments.js
5 verbose stack M app/scripts/storyPanel.js
5 verbose stack M app/styles/_storyPanel.scss
5 verbose stack M app/styles/main.scss
5 verbose stack M dist/index.html
5 verbose stack D dist/scripts/main-4c4fe940.js
5 verbose stack     at c:\Users\David\AppData\Roaming\npm\node_modules\npm\lib\version.js:138:37
5 verbose stack     at ChildProcess.exithandler (child_process.js:656:7)
5 verbose stack     at ChildProcess.emit (events.js:98:17)
5 verbose stack     at maybeClose (child_process.js:766:16)
5 verbose stack     at Process.ChildProcess._handle.onexit (child_process.js:833:5)
6 verbose cwd g:\web\bubblereader
7 error Windows_NT 6.2.9200
8 error argv "c:\\Program Files (x86)\\nodejs\\node.exe" "c:\\Users\\David\\AppData\\Roaming\\npm\\node_modules\\npm\\bin\\npm-cli.js" "version" "patch"
9 error node v0.10.36
10 error npm  v2.4.1
11 error Git working directory not clean.
11 error M app/index.html
11 error M app/scripts/comments.js
11 error M app/scripts/storyPanel.js
11 error M app/styles/_storyPanel.scss
11 error M app/styles/main.scss
11 error M dist/index.html
11 error D dist/scripts/main-4c4fe940.js
12 error If you need help, you may report this error at:
12 error     <http://github.com/npm/npm/issues>
13 verbose exit [ 1, true ]
